<?xml version="1.0" encoding="UTF-8"?>
<testng-results ignored="0" total="1" passed="1" failed="0" skipped="0">
  <reporter-output>
  </reporter-output>
  <suite started-at="2023-05-06T19:58:24 IST" name="Default suite" finished-at="2023-05-06T19:58:35 IST" duration-ms="10254">
    <groups>
    </groups>
    <test started-at="2023-05-06T19:58:24 IST" name="Default test" finished-at="2023-05-06T19:58:35 IST" duration-ms="10254">
      <class name="com.java.testNG.OpenLambdatest">
        <test-method is-config="true" signature="setup()[pri:0, instance:com.java.testNG.OpenLambdatest@3e11f9e9]" started-at="2023-05-06T19:58:24 IST" name="setup" finished-at="2023-05-06T19:58:29 IST" duration-ms="4439" status="PASS">
          <reporter-output>
          </reporter-output>
        </test-method> <!-- setup -->
        <test-method signature="checkTheUrl()[pri:0, instance:com.java.testNG.OpenLambdatest@3e11f9e9]" started-at="2023-05-06T19:58:29 IST" name="checkTheUrl" finished-at="2023-05-06T19:58:33 IST" duration-ms="4070" status="PASS">
          <reporter-output>
          </reporter-output>
        </test-method> <!-- checkTheUrl -->
        <test-method is-config="true" signature="teardown()[pri:0, instance:com.java.testNG.OpenLambdatest@3e11f9e9]" started-at="2023-05-06T19:58:33 IST" name="teardown" finished-at="2023-05-06T19:58:35 IST" duration-ms="1694" status="PASS">
          <reporter-output>
          </reporter-output>
        </test-method> <!-- teardown -->
      </class> <!-- com.java.testNG.OpenLambdatest -->
    </test> <!-- Default test -->
  </suite> <!-- Default suite -->
</testng-results>
